[30.032s] Invoking command in '/gapFinder_ws/build/gap_finder': /usr/bin/cmake /gapFinder_ws/src/gap_finder -DCMAKE_INSTALL_PREFIX=/gapFinder_ws/install/gap_finder
[30.046s] -- Found ament_cmake: 1.3.12 (/opt/ros/humble/share/ament_cmake/cmake)
[30.096s] Traceback (most recent call last):
[30.096s]   File "/opt/ros/humble/share/ament_cmake_core/cmake/package_templates/templates_2_cmake.py", line 21, in <module>
[30.096s]     from ament_package.templates import get_environment_hook_template_path
[30.096s] ModuleNotFoundError: No module named 'ament_package'
[30.098s] CMake Error at /opt/ros/humble/share/ament_cmake_core/cmake/ament_cmake_package_templates-extras.cmake:41 (message):
[30.098s]   execute_process(/usr/bin/python3
[30.098s]   /opt/ros/humble/share/ament_cmake_core/cmake/package_templates/templates_2_cmake.py
[30.098s]   /gapFinder_ws/build/gap_finder/ament_cmake_package_templates/templates.cmake)
[30.098s]   returned error code 1
[30.098s] Call Stack (most recent call first):
[30.098s]   /opt/ros/humble/share/ament_cmake_core/cmake/ament_cmake_coreConfig.cmake:41 (include)
[30.098s]   /opt/ros/humble/share/ament_cmake/cmake/ament_cmake_export_dependencies-extras.cmake:15 (find_package)
[30.098s]   /opt/ros/humble/share/ament_cmake/cmake/ament_cmakeConfig.cmake:41 (include)
[30.099s]   CMakeLists.txt:4 (find_package)
[30.099s] 
[30.099s] 
[30.099s] -- Configuring incomplete, errors occurred!
[30.099s] See also "/gapFinder_ws/build/gap_finder/CMakeFiles/CMakeOutput.log".
[30.105s] Invoked command in '/gapFinder_ws/build/gap_finder' returned '1': /usr/bin/cmake /gapFinder_ws/src/gap_finder -DCMAKE_INSTALL_PREFIX=/gapFinder_ws/install/gap_finder
