[0.007s] Invoking command in '/gapFinder_ws/build/gap_finder': /usr/bin/cmake /gapFinder_ws/src/gap_finder -DCMAKE_INSTALL_PREFIX=/gapFinder_ws/install/gap_finder
[0.013s] -- Found ament_cmake: 1.3.12 (/opt/ros/humble/share/ament_cmake/cmake)
[0.067s] Traceback (most recent call last):
[0.067s]   File "/opt/ros/humble/share/ament_cmake_core/cmake/package_templates/templates_2_cmake.py", line 21, in <module>
[0.067s]     from ament_package.templates import get_environment_hook_template_path
[0.067s] ModuleNotFoundError: No module named 'ament_package'
[0.067s] CMake Error at /opt/ros/humble/share/ament_cmake_core/cmake/ament_cmake_package_templates-extras.cmake:41 (message):
[0.067s]   execute_process(/usr/bin/python3
[0.067s]   /opt/ros/humble/share/ament_cmake_core/cmake/package_templates/templates_2_cmake.py
[0.067s]   /gapFinder_ws/build/gap_finder/ament_cmake_package_templates/templates.cmake)
[0.067s]   returned error code 1
[0.067s] Call Stack (most recent call first):
[0.068s]   /opt/ros/humble/share/ament_cmake_core/cmake/ament_cmake_coreConfig.cmake:41 (include)
[0.068s]   /opt/ros/humble/share/ament_cmake/cmake/ament_cmake_export_dependencies-extras.cmake:15 (find_package)
[0.068s]   /opt/ros/humble/share/ament_cmake/cmake/ament_cmakeConfig.cmake:41 (include)
[0.068s]   CMakeLists.txt:4 (find_package)
[0.068s] 
[0.068s] 
[0.068s] -- Configuring incomplete, errors occurred!
[0.068s] See also "/gapFinder_ws/build/gap_finder/CMakeFiles/CMakeOutput.log".
[30.031s] Invoked command in '/gapFinder_ws/build/gap_finder' returned '1': /usr/bin/cmake /gapFinder_ws/src/gap_finder -DCMAKE_INSTALL_PREFIX=/gapFinder_ws/install/gap_finder
