[0.010s] Invoking command in '/gapFinder_ws/build/gap_finder': CMAKE_PREFIX_PATH=${CMAKE_PREFIX_PATH}:/wall_ws/install/wall_followint:/opt/ros/humble /usr/bin/cmake /gapFinder_ws/src/gap_finder -DAMENT_CMAKE_SYMLINK_INSTALL=1 -DCMAKE_INSTALL_PREFIX=/gapFinder_ws/install/gap_finder
[0.023s] -- Found ament_cmake: 1.3.12 (/opt/ros/humble/share/ament_cmake/cmake)
[0.128s] -- Found Python3: /usr/bin/python3 (found version "3.10.12") found components: Interpreter 
[0.175s] -- Override CMake install command with custom implementation using symlinks instead of copying resources
[0.251s] -- Configuring done
[0.251s] -- Generating done
[0.259s] -- Build files have been written to: /gapFinder_ws/build/gap_finder
[0.261s] Invoked command in '/gapFinder_ws/build/gap_finder' returned '0': CMAKE_PREFIX_PATH=${CMAKE_PREFIX_PATH}:/wall_ws/install/wall_followint:/opt/ros/humble /usr/bin/cmake /gapFinder_ws/src/gap_finder -DAMENT_CMAKE_SYMLINK_INSTALL=1 -DCMAKE_INSTALL_PREFIX=/gapFinder_ws/install/gap_finder
[0.263s] Invoking command in '/gapFinder_ws/build/gap_finder': CMAKE_PREFIX_PATH=${CMAKE_PREFIX_PATH}:/wall_ws/install/wall_followint:/opt/ros/humble /usr/bin/cmake --build /gapFinder_ws/build/gap_finder -- -j24 -l24
[0.293s] Invoked command in '/gapFinder_ws/build/gap_finder' returned '0': CMAKE_PREFIX_PATH=${CMAKE_PREFIX_PATH}:/wall_ws/install/wall_followint:/opt/ros/humble /usr/bin/cmake --build /gapFinder_ws/build/gap_finder -- -j24 -l24
[0.301s] Invoking command in '/gapFinder_ws/build/gap_finder': CMAKE_PREFIX_PATH=${CMAKE_PREFIX_PATH}:/wall_ws/install/wall_followint:/opt/ros/humble /usr/bin/cmake --install /gapFinder_ws/build/gap_finder
[0.306s] -- Install configuration: ""
[0.306s] -- Execute custom install script
[0.306s] -- Symlinking: /gapFinder_ws/install/gap_finder/share/gap_finder/launch/gap_finder_launch.py
[0.313s] -- Symlinking: /gapFinder_ws/install/gap_finder/share/gap_finder/configs/default.yaml
[0.321s] -- Symlinking: /gapFinder_ws/install/gap_finder/lib/gap_finder/gap_finder_node.py
[0.328s] -- Symlinking: /gapFinder_ws/install/gap_finder/share/ament_index/resource_index/package_run_dependencies/gap_finder
[0.339s] -- Symlinking: /gapFinder_ws/install/gap_finder/share/ament_index/resource_index/parent_prefix_path/gap_finder
[0.346s] -- Symlinking: /gapFinder_ws/install/gap_finder/share/gap_finder/environment/ament_prefix_path.sh
[0.356s] -- Symlinking: /gapFinder_ws/install/gap_finder/share/gap_finder/environment/ament_prefix_path.dsv
[0.364s] -- Symlinking: /gapFinder_ws/install/gap_finder/share/gap_finder/environment/path.sh
[0.372s] -- Symlinking: /gapFinder_ws/install/gap_finder/share/gap_finder/environment/path.dsv
[0.380s] -- Symlinking: /gapFinder_ws/install/gap_finder/share/gap_finder/local_setup.bash
[0.386s] -- Symlinking: /gapFinder_ws/install/gap_finder/share/gap_finder/local_setup.sh
[0.393s] -- Symlinking: /gapFinder_ws/install/gap_finder/share/gap_finder/local_setup.zsh
[0.402s] -- Symlinking: /gapFinder_ws/install/gap_finder/share/gap_finder/local_setup.dsv
[0.410s] -- Symlinking: /gapFinder_ws/install/gap_finder/share/gap_finder/package.dsv
[0.420s] -- Symlinking: /gapFinder_ws/install/gap_finder/share/ament_index/resource_index/packages/gap_finder
[0.426s] -- Symlinking: /gapFinder_ws/install/gap_finder/share/gap_finder/cmake/gap_finderConfig.cmake
[0.433s] -- Symlinking: /gapFinder_ws/install/gap_finder/share/gap_finder/cmake/gap_finderConfig-version.cmake
[0.440s] -- Symlinking: /gapFinder_ws/install/gap_finder/share/gap_finder/package.xml
[0.452s] Invoked command in '/gapFinder_ws/build/gap_finder' returned '0': CMAKE_PREFIX_PATH=${CMAKE_PREFIX_PATH}:/wall_ws/install/wall_followint:/opt/ros/humble /usr/bin/cmake --install /gapFinder_ws/build/gap_finder
