[0.014s] Invoking command in '/gapFinder_ws/build/gap_finder': CMAKE_PREFIX_PATH=${CMAKE_PREFIX_PATH}:/wall_ws/install/wall_followint:/opt/ros/humble /usr/bin/cmake --build /gapFinder_ws/build/gap_finder -- -j24 -l24
[0.044s] Invoked command in '/gapFinder_ws/build/gap_finder' returned '0': CMAKE_PREFIX_PATH=${CMAKE_PREFIX_PATH}:/wall_ws/install/wall_followint:/opt/ros/humble /usr/bin/cmake --build /gapFinder_ws/build/gap_finder -- -j24 -l24
[0.055s] Invoking command in '/gapFinder_ws/build/gap_finder': CMAKE_PREFIX_PATH=${CMAKE_PREFIX_PATH}:/wall_ws/install/wall_followint:/opt/ros/humble /usr/bin/cmake --install /gapFinder_ws/build/gap_finder
[0.058s] -- Install configuration: ""
[0.058s] -- Execute custom install script
[0.058s] -- Up-to-date symlink: /gapFinder_ws/install/gap_finder/share/gap_finder/launch/gap_finder_launch.py
[0.058s] -- Up-to-date symlink: /gapFinder_ws/install/gap_finder/share/gap_finder/launch/gap_finder_markers_only_launch.py
[0.059s] -- Up-to-date symlink: /gapFinder_ws/install/gap_finder/share/gap_finder/launch/modified_gap_finder_visual_launch.py
[0.059s] -- Up-to-date symlink: /gapFinder_ws/install/gap_finder/share/gap_finder/configs/default.yaml
[0.059s] -- Up-to-date symlink: /gapFinder_ws/install/gap_finder/share/gap_finder/rviz/gap_finder_markers.rviz
[0.059s] -- Up-to-date symlink: /gapFinder_ws/install/gap_finder/lib/gap_finder/gap_finder_node.py
[0.059s] -- Up-to-date symlink: /gapFinder_ws/install/gap_finder/lib/gap_finder/gap_finder_visual_node.py
[0.059s] [31mCMake Error at ament_cmake_symlink_install/ament_cmake_symlink_install.cmake:204 (message):
[0.059s]   ament_cmake_symlink_install_programs() can't find
[0.059s]   '/gapFinder_ws/src/gap_finder/scripts/corridor_cmd_bridge.py'
[0.059s] Call Stack (most recent call first):
[0.059s]   ament_cmake_symlink_install/ament_cmake_symlink_install.cmake:317 (ament_cmake_symlink_install_programs)
[0.059s]   cmake_install.cmake:46 (include)
[0.060s] 
[0.060s] [0m
[0.060s] -- Up-to-date symlink: /gapFinder_ws/install/gap_finder/lib/gap_finder/modified_gap_finder_visual_node.py
[0.060s] -- Up-to-date symlink: /gapFinder_ws/install/gap_finder/lib/gap_finder/corridor_controller.py
[0.061s] Invoked command in '/gapFinder_ws/build/gap_finder' returned '1': CMAKE_PREFIX_PATH=${CMAKE_PREFIX_PATH}:/wall_ws/install/wall_followint:/opt/ros/humble /usr/bin/cmake --install /gapFinder_ws/build/gap_finder
