[0.007s] Invoking command in '/gapFinder_ws/build/gap_finder': /usr/bin/cmake /gapFinder_ws/src/gap_finder -DCMAKE_INSTALL_PREFIX=/gapFinder_ws/install/gap_finder
[0.057s] -- The C compiler identification is GNU 11.4.0
[0.097s] -- The CXX compiler identification is GNU 11.4.0
[0.105s] -- Detecting C compiler ABI info
[0.164s] -- Detecting C compiler ABI info - done
[0.167s] -- Check for working C compiler: /usr/bin/cc - skipped
[0.168s] -- Detecting C compile features
[0.168s] -- Detecting C compile features - done
[0.170s] -- Detecting CXX compiler ABI info
[0.229s] -- Detecting CXX compiler ABI info - done
[0.235s] -- Check for working CXX compiler: /usr/bin/c++ - skipped
[0.235s] -- Detecting CXX compile features
[0.235s] -- Detecting CXX compile features - done
[0.241s] CMake Error at CMakeLists.txt:4 (find_package):
[0.241s]   By not providing "Findament_cmake.cmake" in CMAKE_MODULE_PATH this project
[0.241s]   has asked CMake to find a package configuration file provided by
[0.241s]   "ament_cmake", but CMake did not find one.
[0.241s] 
[0.241s]   Could not find a package configuration file provided by "ament_cmake" with
[0.241s]   any of the following names:
[0.241s] 
[0.241s]     ament_cmakeConfig.cmake
[0.241s]     ament_cmake-config.cmake
[0.241s] 
[0.241s]   Add the installation prefix of "ament_cmake" to CMAKE_PREFIX_PATH or set
[0.241s]   "ament_cmake_DIR" to a directory containing one of the above files.  If
[0.241s]   "ament_cmake" provides a separate development package or SDK, be sure it
[0.241s]   has been installed.
[0.241s] 
[0.241s] 
[0.241s] -- Configuring incomplete, errors occurred!
[0.241s] See also "/gapFinder_ws/build/gap_finder/CMakeFiles/CMakeOutput.log".
[0.243s] Invoked command in '/gapFinder_ws/build/gap_finder' returned '1': /usr/bin/cmake /gapFinder_ws/src/gap_finder -DCMAKE_INSTALL_PREFIX=/gapFinder_ws/install/gap_finder
