[0.006s] Invoking command in '/gapFinder_ws/build/gap_finder': /usr/bin/cmake --build /gapFinder_ws/build/gap_finder -- -j24 -l24
[0.035s] Invoked command in '/gapFinder_ws/build/gap_finder' returned '0': /usr/bin/cmake --build /gapFinder_ws/build/gap_finder -- -j24 -l24
[0.045s] Invoking command in '/gapFinder_ws/build/gap_finder': /usr/bin/cmake --install /gapFinder_ws/build/gap_finder
[0.047s] -- Install configuration: ""
[0.047s] -- Execute custom install script
[0.047s] -- Up-to-date symlink: /gapFinder_ws/install/gap_finder/share/gap_finder/launch/gap_finder_launch.py
[0.048s] -- Up-to-date symlink: /gapFinder_ws/install/gap_finder/share/gap_finder/launch/gap_finder_markers_only_launch.py
[0.048s] -- Up-to-date symlink: /gapFinder_ws/install/gap_finder/share/gap_finder/launch/modified_gap_finder_visual_launch.py
[0.048s] -- Up-to-date symlink: /gapFinder_ws/install/gap_finder/share/gap_finder/configs/default.yaml
[0.048s] -- Up-to-date symlink: /gapFinder_ws/install/gap_finder/share/gap_finder/rviz/gap_finder_markers.rviz
[0.048s] -- Up-to-date symlink: /gapFinder_ws/install/gap_finder/lib/gap_finder/gap_finder_node.py
[0.048s] -- Up-to-date symlink: /gapFinder_ws/install/gap_finder/lib/gap_finder/gap_finder_visual_node.py
[0.048s] -- Up-to-date symlink: /gapFinder_ws/install/gap_finder/lib/gap_finder/modified_gap_finder_visual_node.py
[0.048s] -- Up-to-date symlink: /gapFinder_ws/install/gap_finder/lib/gap_finder/corridor_controller.py
[0.048s] -- Up-to-date symlink: /gapFinder_ws/install/gap_finder/lib/gap_finder/corridor_cmd_bridge.py
[0.048s] -- Up-to-date symlink: /gapFinder_ws/install/gap_finder/lib/gap_finder/scan_median_node.py
[0.048s] -- Up-to-date symlink: /gapFinder_ws/install/gap_finder/share/ament_index/resource_index/package_run_dependencies/gap_finder
[0.048s] -- Up-to-date symlink: /gapFinder_ws/install/gap_finder/share/ament_index/resource_index/parent_prefix_path/gap_finder
[0.048s] -- Up-to-date symlink: /gapFinder_ws/install/gap_finder/share/gap_finder/environment/ament_prefix_path.sh
[0.049s] -- Up-to-date symlink: /gapFinder_ws/install/gap_finder/share/gap_finder/environment/ament_prefix_path.dsv
[0.049s] -- Up-to-date symlink: /gapFinder_ws/install/gap_finder/share/gap_finder/environment/path.sh
[0.049s] -- Up-to-date symlink: /gapFinder_ws/install/gap_finder/share/gap_finder/environment/path.dsv
[0.049s] -- Up-to-date symlink: /gapFinder_ws/install/gap_finder/share/gap_finder/local_setup.bash
[0.049s] -- Up-to-date symlink: /gapFinder_ws/install/gap_finder/share/gap_finder/local_setup.sh
[0.049s] -- Up-to-date symlink: /gapFinder_ws/install/gap_finder/share/gap_finder/local_setup.zsh
[0.049s] -- Up-to-date symlink: /gapFinder_ws/install/gap_finder/share/gap_finder/local_setup.dsv
[0.049s] -- Symlinking: /gapFinder_ws/install/gap_finder/share/gap_finder/package.dsv
[0.054s] -- Up-to-date symlink: /gapFinder_ws/install/gap_finder/share/ament_index/resource_index/packages/gap_finder
[0.054s] -- Up-to-date symlink: /gapFinder_ws/install/gap_finder/share/gap_finder/cmake/gap_finderConfig.cmake
[0.054s] -- Up-to-date symlink: /gapFinder_ws/install/gap_finder/share/gap_finder/cmake/gap_finderConfig-version.cmake
[0.054s] -- Up-to-date symlink: /gapFinder_ws/install/gap_finder/share/gap_finder/package.xml
[0.055s] Invoked command in '/gapFinder_ws/build/gap_finder' returned '0': /usr/bin/cmake --install /gapFinder_ws/build/gap_finder
