[0.008s] Invoking command in '/gapFinder_ws/build/gap_finder': /usr/bin/cmake --build /gapFinder_ws/build/gap_finder -- -j24 -l24
[0.022s] -- Found ament_cmake: 1.3.12 (/opt/ros/humble/share/ament_cmake/cmake)
[0.089s] -- Override CMake install command with custom implementation using symlinks instead of copying resources
[0.125s] -- Configuring done
[0.127s] -- Generating done
[0.128s] -- Build files have been written to: /gapFinder_ws/build/gap_finder
[0.146s] Invoked command in '/gapFinder_ws/build/gap_finder' returned '0': /usr/bin/cmake --build /gapFinder_ws/build/gap_finder -- -j24 -l24
[0.155s] Invoking command in '/gapFinder_ws/build/gap_finder': /usr/bin/cmake --install /gapFinder_ws/build/gap_finder
[0.158s] -- Install configuration: ""
[0.158s] -- Execute custom install script
[0.158s] -- Up-to-date symlink: /gapFinder_ws/install/gap_finder/share/gap_finder/launch/gap_finder_launch.py
[0.158s] -- Up-to-date symlink: /gapFinder_ws/install/gap_finder/share/gap_finder/launch/gap_finder_markers_only_launch.py
[0.159s] -- Up-to-date symlink: /gapFinder_ws/install/gap_finder/share/gap_finder/launch/modified_gap_finder_visual_launch.py
[0.159s] -- Up-to-date symlink: /gapFinder_ws/install/gap_finder/share/gap_finder/configs/default.yaml
[0.159s] -- Up-to-date symlink: /gapFinder_ws/install/gap_finder/share/gap_finder/rviz/gap_finder_markers.rviz
[0.159s] -- Up-to-date symlink: /gapFinder_ws/install/gap_finder/lib/gap_finder/gap_finder_node.py
[0.159s] -- Up-to-date symlink: /gapFinder_ws/install/gap_finder/lib/gap_finder/gap_finder_visual_node.py
[0.159s] -- Up-to-date symlink: /gapFinder_ws/install/gap_finder/lib/gap_finder/modified_gap_finder_visual_node.py
[0.159s] -- Up-to-date symlink: /gapFinder_ws/install/gap_finder/lib/gap_finder/corridor_controller.py
[0.159s] -- Up-to-date symlink: /gapFinder_ws/install/gap_finder/lib/gap_finder/scan_median_node.py
[0.159s] -- Up-to-date symlink: /gapFinder_ws/install/gap_finder/share/ament_index/resource_index/package_run_dependencies/gap_finder
[0.159s] -- Up-to-date symlink: /gapFinder_ws/install/gap_finder/share/ament_index/resource_index/parent_prefix_path/gap_finder
[0.159s] -- Up-to-date symlink: /gapFinder_ws/install/gap_finder/share/gap_finder/environment/ament_prefix_path.sh
[0.159s] -- Up-to-date symlink: /gapFinder_ws/install/gap_finder/share/gap_finder/environment/ament_prefix_path.dsv
[0.159s] -- Up-to-date symlink: /gapFinder_ws/install/gap_finder/share/gap_finder/environment/path.sh
[0.159s] -- Up-to-date symlink: /gapFinder_ws/install/gap_finder/share/gap_finder/environment/path.dsv
[0.159s] -- Up-to-date symlink: /gapFinder_ws/install/gap_finder/share/gap_finder/local_setup.bash
[0.159s] -- Up-to-date symlink: /gapFinder_ws/install/gap_finder/share/gap_finder/local_setup.sh
[0.159s] -- Up-to-date symlink: /gapFinder_ws/install/gap_finder/share/gap_finder/local_setup.zsh
[0.159s] -- Up-to-date symlink: /gapFinder_ws/install/gap_finder/share/gap_finder/local_setup.dsv
[0.159s] -- Symlinking: /gapFinder_ws/install/gap_finder/share/gap_finder/package.dsv
[0.171s] -- Up-to-date symlink: /gapFinder_ws/install/gap_finder/share/ament_index/resource_index/packages/gap_finder
[0.171s] -- Up-to-date symlink: /gapFinder_ws/install/gap_finder/share/gap_finder/cmake/gap_finderConfig.cmake
[0.171s] -- Up-to-date symlink: /gapFinder_ws/install/gap_finder/share/gap_finder/cmake/gap_finderConfig-version.cmake
[0.171s] -- Up-to-date symlink: /gapFinder_ws/install/gap_finder/share/gap_finder/package.xml
[0.171s] Invoked command in '/gapFinder_ws/build/gap_finder' returned '0': /usr/bin/cmake --install /gapFinder_ws/build/gap_finder
